<html>
<head>
<title>TestNG:  Smoke Test</title>
<link href="../testng.css" rel="stylesheet" type="text/css" />
<link href="../my-testng.css" rel="stylesheet" type="text/css" />

<style type="text/css">
.log { display: none;} 
.stack-trace { display: none;} 
</style>
<script type="text/javascript">
<!--
function flip(e) {
  current = e.style.display;
  if (current == 'block') {
    e.style.display = 'none';
    return 0;
  }
  else {
    e.style.display = 'block';
    return 1;
  }
}

function toggleBox(szDivId, elem, msg1, msg2)
{
  var res = -1;  if (document.getElementById) {
    res = flip(document.getElementById(szDivId));
  }
  else if (document.all) {
    // this is the way old msie versions work
    res = flip(document.all[szDivId]);
  }
  if(elem) {
    if(res == 0) elem.innerHTML = msg1; else elem.innerHTML = msg2;
  }

}

function toggleAllBoxes() {
  if (document.getElementsByTagName) {
    d = document.getElementsByTagName('div');
    for (i = 0; i < d.length; i++) {
      if (d[i].className == 'log') {
        flip(d[i]);
      }
    }
  }
}

// -->
</script>

</head>
<body>
<h2 align='center'>Smoke Test</h2><table border='1' align="center">
<tr>
<td>Tests passed/Failed/Skipped:</td><td>2/2/0</td>
</tr><tr>
<td>Started on:</td><td>Tue Dec 13 13:23:40 GMT 2022</td>
</tr>
<tr><td>Total time:</td><td>95 seconds (95859 ms)</td>
</tr><tr>
<td>Included groups:</td><td>smoke </td>
</tr><tr>
<td>Excluded groups:</td><td></td>
</tr>
</table><p/>
<small><i>(Hover the method name to see the test class name)</i></small><p/>
<table width='100%' border='1' class='invocation-failed'>
<tr><td colspan='4' align='center'><b>FAILED TESTS</b></td></tr>
<tr><td><b>Test method</b></td>
<td width="30%"><b>Exception</b></td>
<td width="10%"><b>Time (seconds)</b></td>
<td><b>Instance</b></td>
</tr>
<tr>
<td title='com.tutorialsninja.testsuite.LaptopsAndNotebooksTest.verifyThatUserPlaceOrderSuccessfully()'><b>verifyThatUserPlaceOrderSuccessfully</b><br>Test class: com.tutorialsninja.testsuite.LaptopsAndNotebooksTest<br/>
<a href="#Output-926837661" onClick='toggleBox("Output-926837661", this, "Show output", "Hide output");'>Show output</a>

<a href="#Output-926837661" onClick="toggleAllBoxes();">Show all outputs</a>
<div class='log' id="Output-926837661">
 Clicl on currency button[[ChromeDriver: chrome on WINDOWS (3d521e37cfd602227c0d78cade65efe2)] -> xpath: //span[contains(text(),'Currency')]]<br/>
Select currency from drop down [[[ChromeDriver: chrome on WINDOWS (3d521e37cfd602227c0d78cade65efe2)] -> xpath: //ul[@class = 'dropdown-menu']/li], [[ChromeDriver: chrome on WINDOWS (3d521e37cfd602227c0d78cade65efe2)] -> xpath: //ul[@class = 'dropdown-menu']/li], [[ChromeDriver: chrome on WINDOWS (3d521e37cfd602227c0d78cade65efe2)] -> xpath: //ul[@class = 'dropdown-menu']/li]]<br/>
Click on Laptops and notebook tab [[ChromeDriver: chrome on WINDOWS (3d521e37cfd602227c0d78cade65efe2)] -> link text: Laptops & Notebooks]<br/>
Click on show all option [[ChromeDriver: chrome on WINDOWS (3d521e37cfd602227c0d78cade65efe2)] -> link text: Show All Laptops & Notebooks]<br/>
Select option from drop down [[ChromeDriver: chrome on WINDOWS (3d521e37cfd602227c0d78cade65efe2)] -> id: input-sort]<br/>
select Macbook[[ChromeDriver: chrome on WINDOWS (3d521e37cfd602227c0d78cade65efe2)] -> link text: MacBook]<br/>
Verify text [[ChromeDriver: chrome on WINDOWS (3d521e37cfd602227c0d78cade65efe2)] -> xpath: //h1[contains(text(),'MacBook')]]<br/>
Click on add to cart [[ChromeDriver: chrome on WINDOWS (3d521e37cfd602227c0d78cade65efe2)] -> xpath: //button[@id='button-cart']]<br/>
Click on shopping cart link[[ChromeDriver: chrome on WINDOWS (3d521e37cfd602227c0d78cade65efe2)] -> xpath: //a[contains(text(),'shopping cart')]]<br/>
Verify shopping cart message[[ChromeDriver: chrome on WINDOWS (3d521e37cfd602227c0d78cade65efe2)] -> xpath: //h1[contains(text(),'Â (0.00kg)')]]<br/>
Verify mackbook text[[ChromeDriver: chrome on WINDOWS (3d521e37cfd602227c0d78cade65efe2)] -> xpath: //div[@class = 'table-responsive']/table/tbody/tr/td[2]/a]<br/>
Clear quantity and add quantity[[ChromeDriver: chrome on WINDOWS (3d521e37cfd602227c0d78cade65efe2)] -> xpath: //input[contains(@name, 'quantity')]]<br/>
Click on update button [[ChromeDriver: chrome on WINDOWS (3d521e37cfd602227c0d78cade65efe2)] -> xpath: //button[contains(@data-original-title, 'Update')]]<br/>
Verify text[[ChromeDriver: chrome on WINDOWS (3d521e37cfd602227c0d78cade65efe2)] -> xpath: //div[@class='alert alert-success alert-dismissible']]<br/>
Verify text [[ChromeDriver: chrome on WINDOWS (3d521e37cfd602227c0d78cade65efe2)] -> xpath: //tbody/tr[1]/td[6]]<br/>
Verify check out text[[ChromeDriver: chrome on WINDOWS (3d521e37cfd602227c0d78cade65efe2)] -> xpath: //a[contains(text(),'Checkout')]]<br/>
Click on checkout[[ChromeDriver: chrome on WINDOWS (3d521e37cfd602227c0d78cade65efe2)] -> xpath: //a[contains(text(),'Checkout')]]<br/>
Verify text new customer[[ChromeDriver: chrome on WINDOWS (3d521e37cfd602227c0d78cade65efe2)] -> xpath: //h2[contains(text(),'New Customer')]]<br/>
Click on radio button [[ChromeDriver: chrome on WINDOWS (3d521e37cfd602227c0d78cade65efe2)] -> xpath: //body/div[@id='checkout-checkout']/div[1]/div[1]/div[1]/div[1]/div[2]/div[1]/div[1]/div[1]/div[2]/label[1]/input[1]]<br/>
Click on continue button[[ChromeDriver: chrome on WINDOWS (3d521e37cfd602227c0d78cade65efe2)] -> xpath: //input[@id='button-account']]<br/>
Enter first name[[ChromeDriver: chrome on WINDOWS (3d521e37cfd602227c0d78cade65efe2)] -> id: input-payment-firstname]<br/>
Click to see screenshot<br/>
<a target = "_blank" href=C:\Users\VidhiPrime\IdeaProjects\week15-page-factory-tutorialsninja/test-output/html/verifyThatUserPlaceOrderSuccessfullyTue_Dec_13_13_25_07_GMT_2022.jpg>Screenshot</a><br/>
<br><br/>
<br><br/>
<a target = "_blank" href=C:\Users\VidhiPrime\IdeaProjects\week15-page-factory-tutorialsninja/test-output/html/verifyThatUserPlaceOrderSuccessfullyTue_Dec_13_13_25_07_GMT_2022.jpg><img src=C:\Users\VidhiPrime\IdeaProjects\week15-page-factory-tutorialsninja/test-output/html/verifyThatUserPlaceOrderSuccessfullyTue_Dec_13_13_25_07_GMT_2022.jpg height=200 width=200></img></a><br/>
</div>
</td>
<td><div><pre>org.openqa.selenium.ElementNotInteractableException: element not interactable
  (Session info: chrome=108.0.5359.99)
Build info: version: &apos;4.6.0&apos;, revision: &apos;79f1c02ae20&apos;
System info: os.name: &apos;Windows 10&apos;, os.arch: &apos;amd64&apos;, os.version: &apos;10.0&apos;, java.version: &apos;1.8.0_121&apos;
Driver info: org.openqa.selenium.chrome.ChromeDriver
Command: [3d521e37cfd602227c0d78cade65efe2, sendKeysToElement {id=dfe044da-636f-46d5-8840-71849ea45bf5, value=[Ljava.lang.CharSequence;@4f93bf0a}]
Capabilities {acceptInsecureCerts: false, browserName: chrome, browserVersion: 108.0.5359.99, chrome: {chromedriverVersion: 108.0.5359.71 (1e0e3868ee06..., userDataDir: C:\Users\VIDHIP~1\AppData\L...}, goog:chromeOptions: {debuggerAddress: localhost:52570}, networkConnectionEnabled: false, pageLoadStrategy: normal, platformName: WINDOWS, proxy: Proxy(), se:cdp: ws://localhost:52570/devtoo..., se:cdpVersion: 108.0.5359.99, setWindowRect: true, strictFileInteractability: false, timeouts: {implicit: 0, pageLoad: 300000, script: 30000}, unhandledPromptBehavior: dismiss and notify, webauthn:extension:credBlob: true, webauthn:extension:largeBlob: true, webauthn:virtualAuthenticators: true}
Element: [[ChromeDriver: chrome on WINDOWS (3d521e37cfd602227c0d78cade65efe2)] -&gt; id: input-payment-firstname]
Session ID: 3d521e37cfd602227c0d78cade65efe2
	at org.openqa.selenium.remote.codec.w3c.W3CHttpResponseCodec.createException(W3CHttpResponseCodec.java:200)
	at org.openqa.selenium.remote.codec.w3c.W3CHttpResponseCodec.decode(W3CHttpResponseCodec.java:133)
	at org.openqa.selenium.remote.codec.w3c.W3CHttpResponseCodec.decode(W3CHttpResponseCodec.java:53)
	at org.openqa.selenium.remote.HttpCommandExecutor.execute(HttpCommandExecutor.java:184)
	at org.openqa.selenium.remote.service.DriverCommandExecutor.invokeExecute(DriverCommandExecutor.java:167)
	at org.openqa.selenium.remote.service.DriverCommandExecutor.execute(DriverCommandExecutor.java:142)
	at org.openqa.selenium.remote.RemoteWebDriver.execute(RemoteWebDriver.java:541)
	at org.openqa.selenium.remote.RemoteWebElement.execute(RemoteWebElement.java:257)
	at org.openqa.selenium.remote.RemoteWebElement.sendKeys(RemoteWebElement.java:113)
	at org.openqa.selenium.support.pagefactory.internal.LocatingElementHandler.invoke(LocatingElementHandler.java:52)
	at com.sun.proxy.$Proxy16.sendKeys(Unknown Source)
	at com.tutorialsninja.utility.Utility.sendTextToElement(Utility.java:74)
	at com.tutorialsninja.pages.LaptopsAndNotebooksPage1.enterFirstName(LaptopsAndNotebooksPage1.java:251)
	at com.tutorialsninja.testsuite.LaptopsAndNotebooksTest.verifyThatUserPlaceOrderSuccessfully(LaptopsAndNotebooksTest.java:56)
	at java.util.ArrayList.forEach(ArrayList.java:1249)
	at com.intellij.rt.testng.IDEARemoteTestNG.run(IDEARemoteTestNG.java:66)
	at com.intellij.rt.testng.RemoteTestNGStarter.main(RemoteTestNGStarter.java:109)
... Removed 32 stack frames</pre></div><a href='#' onClick='toggleBox("stack-trace926837661", this, "Click to show all stack frames", "Click to hide stack frames")'>Click to show all stack frames</a>
<div class='stack-trace' id='stack-trace926837661'><pre>org.openqa.selenium.ElementNotInteractableException: element not interactable
  (Session info: chrome=108.0.5359.99)
Build info: version: &apos;4.6.0&apos;, revision: &apos;79f1c02ae20&apos;
System info: os.name: &apos;Windows 10&apos;, os.arch: &apos;amd64&apos;, os.version: &apos;10.0&apos;, java.version: &apos;1.8.0_121&apos;
Driver info: org.openqa.selenium.chrome.ChromeDriver
Command: [3d521e37cfd602227c0d78cade65efe2, sendKeysToElement {id=dfe044da-636f-46d5-8840-71849ea45bf5, value=[Ljava.lang.CharSequence;@4f93bf0a}]
Capabilities {acceptInsecureCerts: false, browserName: chrome, browserVersion: 108.0.5359.99, chrome: {chromedriverVersion: 108.0.5359.71 (1e0e3868ee06..., userDataDir: C:\Users\VIDHIP~1\AppData\L...}, goog:chromeOptions: {debuggerAddress: localhost:52570}, networkConnectionEnabled: false, pageLoadStrategy: normal, platformName: WINDOWS, proxy: Proxy(), se:cdp: ws://localhost:52570/devtoo..., se:cdpVersion: 108.0.5359.99, setWindowRect: true, strictFileInteractability: false, timeouts: {implicit: 0, pageLoad: 300000, script: 30000}, unhandledPromptBehavior: dismiss and notify, webauthn:extension:credBlob: true, webauthn:extension:largeBlob: true, webauthn:virtualAuthenticators: true}
Element: [[ChromeDriver: chrome on WINDOWS (3d521e37cfd602227c0d78cade65efe2)] -&gt; id: input-payment-firstname]
Session ID: 3d521e37cfd602227c0d78cade65efe2
	at sun.reflect.NativeConstructorAccessorImpl.newInstance0(Native Method)
	at sun.reflect.NativeConstructorAccessorImpl.newInstance(NativeConstructorAccessorImpl.java:62)
	at sun.reflect.DelegatingConstructorAccessorImpl.newInstance(DelegatingConstructorAccessorImpl.java:45)
	at java.lang.reflect.Constructor.newInstance(Constructor.java:423)
	at org.openqa.selenium.remote.codec.w3c.W3CHttpResponseCodec.createException(W3CHttpResponseCodec.java:200)
	at org.openqa.selenium.remote.codec.w3c.W3CHttpResponseCodec.decode(W3CHttpResponseCodec.java:133)
	at org.openqa.selenium.remote.codec.w3c.W3CHttpResponseCodec.decode(W3CHttpResponseCodec.java:53)
	at org.openqa.selenium.remote.HttpCommandExecutor.execute(HttpCommandExecutor.java:184)
	at org.openqa.selenium.remote.service.DriverCommandExecutor.invokeExecute(DriverCommandExecutor.java:167)
	at org.openqa.selenium.remote.service.DriverCommandExecutor.execute(DriverCommandExecutor.java:142)
	at org.openqa.selenium.remote.RemoteWebDriver.execute(RemoteWebDriver.java:541)
	at org.openqa.selenium.remote.RemoteWebElement.execute(RemoteWebElement.java:257)
	at org.openqa.selenium.remote.RemoteWebElement.sendKeys(RemoteWebElement.java:113)
	at sun.reflect.NativeMethodAccessorImpl.invoke0(Native Method)
	at sun.reflect.NativeMethodAccessorImpl.invoke(NativeMethodAccessorImpl.java:62)
	at sun.reflect.DelegatingMethodAccessorImpl.invoke(DelegatingMethodAccessorImpl.java:43)
	at java.lang.reflect.Method.invoke(Method.java:498)
	at org.openqa.selenium.support.pagefactory.internal.LocatingElementHandler.invoke(LocatingElementHandler.java:52)
	at com.sun.proxy.$Proxy16.sendKeys(Unknown Source)
	at com.tutorialsninja.utility.Utility.sendTextToElement(Utility.java:74)
	at com.tutorialsninja.pages.LaptopsAndNotebooksPage1.enterFirstName(LaptopsAndNotebooksPage1.java:251)
	at com.tutorialsninja.testsuite.LaptopsAndNotebooksTest.verifyThatUserPlaceOrderSuccessfully(LaptopsAndNotebooksTest.java:56)
	at sun.reflect.NativeMethodAccessorImpl.invoke0(Native Method)
	at sun.reflect.NativeMethodAccessorImpl.invoke(NativeMethodAccessorImpl.java:62)
	at sun.reflect.DelegatingMethodAccessorImpl.invoke(DelegatingMethodAccessorImpl.java:43)
	at java.lang.reflect.Method.invoke(Method.java:498)
	at org.testng.internal.invokers.MethodInvocationHelper.invokeMethod(MethodInvocationHelper.java:135)
	at org.testng.internal.invokers.TestInvoker.invokeMethod(TestInvoker.java:673)
	at org.testng.internal.invokers.TestInvoker.invokeTestMethod(TestInvoker.java:220)
	at org.testng.internal.invokers.MethodRunner.runInSequence(MethodRunner.java:50)
	at org.testng.internal.invokers.TestInvoker$MethodInvocationAgent.invoke(TestInvoker.java:945)
	at org.testng.internal.invokers.TestInvoker.invokeTestMethods(TestInvoker.java:193)
	at org.testng.internal.invokers.TestMethodWorker.invokeTestMethods(TestMethodWorker.java:146)
	at org.testng.internal.invokers.TestMethodWorker.run(TestMethodWorker.java:128)
	at java.util.ArrayList.forEach(ArrayList.java:1249)
	at org.testng.TestRunner.privateRun(TestRunner.java:808)
	at org.testng.TestRunner.run(TestRunner.java:603)
	at org.testng.SuiteRunner.runTest(SuiteRunner.java:429)
	at org.testng.SuiteRunner.runSequentially(SuiteRunner.java:423)
	at org.testng.SuiteRunner.privateRun(SuiteRunner.java:383)
	at org.testng.SuiteRunner.run(SuiteRunner.java:326)
	at org.testng.SuiteRunnerWorker.runSuite(SuiteRunnerWorker.java:52)
	at org.testng.SuiteRunnerWorker.run(SuiteRunnerWorker.java:95)
	at org.testng.TestNG.runSuitesSequentially(TestNG.java:1249)
	at org.testng.TestNG.runSuitesLocally(TestNG.java:1169)
	at org.testng.TestNG.runSuites(TestNG.java:1092)
	at org.testng.TestNG.run(TestNG.java:1060)
	at com.intellij.rt.testng.IDEARemoteTestNG.run(IDEARemoteTestNG.java:66)
	at com.intellij.rt.testng.RemoteTestNGStarter.main(RemoteTestNGStarter.java:109)
</pre></div></td>
<td>25</td>
<td>com.tutorialsninja.testsuite.LaptopsAndNotebooksTest@32d2fa64</td></tr>
<tr>
<td title='com.tutorialsninja.testsuite.DesktopsPageTest.verifyProductAddedToShoppingCartSuccessFully()'><b>verifyProductAddedToShoppingCartSuccessFully</b><br>Test class: com.tutorialsninja.testsuite.DesktopsPageTest<br/>
<a href="#Output-1511004956" onClick='toggleBox("Output-1511004956", this, "Show output", "Hide output");'>Show output</a>

<a href="#Output-1511004956" onClick="toggleAllBoxes();">Show all outputs</a>
<div class='log' id="Output-1511004956">
 Clicl on currency button[[ChromeDriver: chrome on WINDOWS (17a0af6f746608747e5fb86c2cb4ce1a)] -> xpath: //span[contains(text(),'Currency')]]<br/>
Select currency from drop down [[[ChromeDriver: chrome on WINDOWS (17a0af6f746608747e5fb86c2cb4ce1a)] -> xpath: //ul[@class = 'dropdown-menu']/li], [[ChromeDriver: chrome on WINDOWS (17a0af6f746608747e5fb86c2cb4ce1a)] -> xpath: //ul[@class = 'dropdown-menu']/li], [[ChromeDriver: chrome on WINDOWS (17a0af6f746608747e5fb86c2cb4ce1a)] -> xpath: //ul[@class = 'dropdown-menu']/li]]<br/>
Mousehover and click on laptop[[ChromeDriver: chrome on WINDOWS (17a0af6f746608747e5fb86c2cb4ce1a)] -> link text: Desktops]<br/>
Click on all desktop [[ChromeDriver: chrome on WINDOWS (17a0af6f746608747e5fb86c2cb4ce1a)] -> link text: Show All Desktops]<br/>
Select Z to A from dropdown[[ChromeDriver: chrome on WINDOWS (17a0af6f746608747e5fb86c2cb4ce1a)] -> xpath: //select[@id='input-sort'and@class='form-control']]<br/>
Click on HP[[ChromeDriver: chrome on WINDOWS (17a0af6f746608747e5fb86c2cb4ce1a)] -> xpath: //a[contains(text(),'HP LP3065')]]<br/>
Verify HP text [[ChromeDriver: chrome on WINDOWS (17a0af6f746608747e5fb86c2cb4ce1a)] -> xpath: //h1[contains(text(),'HP LP3065')]]<br/>
Select delivery date <br/>
Add quantity[[ChromeDriver: chrome on WINDOWS (17a0af6f746608747e5fb86c2cb4ce1a)] -> xpath: //input[@id='input-quantity']]<br/>
Click on add button [[ChromeDriver: chrome on WINDOWS (17a0af6f746608747e5fb86c2cb4ce1a)] -> xpath: //button[@id='button-cart']]<br/>
Click on shopping cart [[ChromeDriver: chrome on WINDOWS (17a0af6f746608747e5fb86c2cb4ce1a)] -> xpath: //button[@id='button-cart']]<br/>
Click on shopping cart link Proxy element for: DefaultElementLocator 'By.xpath: //a[contains(text(),'shopping cart')]'<br/>
Click to see screenshot<br/>
<a target = "_blank" href=C:\Users\VidhiPrime\IdeaProjects\week15-page-factory-tutorialsninja/test-output/html/verifyProductAddedToShoppingCartSuccessFullyTue_Dec_13_13_24_38_GMT_2022.jpg>Screenshot</a><br/>
<br><br/>
<br><br/>
<a target = "_blank" href=C:\Users\VidhiPrime\IdeaProjects\week15-page-factory-tutorialsninja/test-output/html/verifyProductAddedToShoppingCartSuccessFullyTue_Dec_13_13_24_38_GMT_2022.jpg><img src=C:\Users\VidhiPrime\IdeaProjects\week15-page-factory-tutorialsninja/test-output/html/verifyProductAddedToShoppingCartSuccessFullyTue_Dec_13_13_24_38_GMT_2022.jpg height=200 width=200></img></a><br/>
</div>
</td>
<td><div><pre>org.openqa.selenium.NoSuchElementException: no such element: Unable to locate element: {&quot;method&quot;:&quot;xpath&quot;,&quot;selector&quot;:&quot;//a[contains(text(),&apos;shopping cart&apos;)]&quot;}
  (Session info: chrome=108.0.5359.99)
For documentation on this error, please visit: https://selenium.dev/exceptions/#no_such_element
Build info: version: &apos;4.6.0&apos;, revision: &apos;79f1c02ae20&apos;
System info: os.name: &apos;Windows 10&apos;, os.arch: &apos;amd64&apos;, os.version: &apos;10.0&apos;, java.version: &apos;1.8.0_121&apos;
Driver info: org.openqa.selenium.chrome.ChromeDriver
Command: [17a0af6f746608747e5fb86c2cb4ce1a, findElement {using=xpath, value=//a[contains(text(),&apos;shopping cart&apos;)]}]
Capabilities {acceptInsecureCerts: false, browserName: chrome, browserVersion: 108.0.5359.99, chrome: {chromedriverVersion: 108.0.5359.71 (1e0e3868ee06..., userDataDir: C:\Users\VIDHIP~1\AppData\L...}, goog:chromeOptions: {debuggerAddress: localhost:52533}, networkConnectionEnabled: false, pageLoadStrategy: normal, platformName: WINDOWS, proxy: Proxy(), se:cdp: ws://localhost:52533/devtoo..., se:cdpVersion: 108.0.5359.99, setWindowRect: true, strictFileInteractability: false, timeouts: {implicit: 0, pageLoad: 300000, script: 30000}, unhandledPromptBehavior: dismiss and notify, webauthn:extension:credBlob: true, webauthn:extension:largeBlob: true, webauthn:virtualAuthenticators: true}
Session ID: 17a0af6f746608747e5fb86c2cb4ce1a
	at org.openqa.selenium.remote.codec.w3c.W3CHttpResponseCodec.createException(W3CHttpResponseCodec.java:200)
	at org.openqa.selenium.remote.codec.w3c.W3CHttpResponseCodec.decode(W3CHttpResponseCodec.java:133)
	at org.openqa.selenium.remote.codec.w3c.W3CHttpResponseCodec.decode(W3CHttpResponseCodec.java:53)
	at org.openqa.selenium.remote.HttpCommandExecutor.execute(HttpCommandExecutor.java:184)
	at org.openqa.selenium.remote.service.DriverCommandExecutor.invokeExecute(DriverCommandExecutor.java:167)
	at org.openqa.selenium.remote.service.DriverCommandExecutor.execute(DriverCommandExecutor.java:142)
	at org.openqa.selenium.remote.RemoteWebDriver.execute(RemoteWebDriver.java:541)
	at org.openqa.selenium.remote.ElementLocation$ElementFinder$2.findElement(ElementLocation.java:162)
	at org.openqa.selenium.remote.ElementLocation.findElement(ElementLocation.java:60)
	at org.openqa.selenium.remote.RemoteWebDriver.findElement(RemoteWebDriver.java:365)
	at org.openqa.selenium.remote.RemoteWebDriver.findElement(RemoteWebDriver.java:357)
	at org.openqa.selenium.support.pagefactory.DefaultElementLocator.findElement(DefaultElementLocator.java:70)
	at org.openqa.selenium.support.pagefactory.internal.LocatingElementHandler.invoke(LocatingElementHandler.java:39)
	at com.sun.proxy.$Proxy16.click(Unknown Source)
	at com.tutorialsninja.utility.Utility.clickOnElement(Utility.java:51)
	at com.tutorialsninja.pages.DesktopsPage1.clickOnShoppingCartLink(DesktopsPage1.java:147)
	at com.tutorialsninja.testsuite.DesktopsPageTest.verifyProductAddedToShoppingCartSuccessFully(DesktopsPageTest.java:46)
	at java.util.ArrayList.forEach(ArrayList.java:1249)
	at com.intellij.rt.testng.IDEARemoteTestNG.run(IDEARemoteTestNG.java:66)
	at com.intellij.rt.testng.RemoteTestNGStarter.main(RemoteTestNGStarter.java:109)
... Removed 28 stack frames</pre></div><a href='#' onClick='toggleBox("stack-trace1511004956", this, "Click to show all stack frames", "Click to hide stack frames")'>Click to show all stack frames</a>
<div class='stack-trace' id='stack-trace1511004956'><pre>org.openqa.selenium.NoSuchElementException: no such element: Unable to locate element: {&quot;method&quot;:&quot;xpath&quot;,&quot;selector&quot;:&quot;//a[contains(text(),&apos;shopping cart&apos;)]&quot;}
  (Session info: chrome=108.0.5359.99)
For documentation on this error, please visit: https://selenium.dev/exceptions/#no_such_element
Build info: version: &apos;4.6.0&apos;, revision: &apos;79f1c02ae20&apos;
System info: os.name: &apos;Windows 10&apos;, os.arch: &apos;amd64&apos;, os.version: &apos;10.0&apos;, java.version: &apos;1.8.0_121&apos;
Driver info: org.openqa.selenium.chrome.ChromeDriver
Command: [17a0af6f746608747e5fb86c2cb4ce1a, findElement {using=xpath, value=//a[contains(text(),&apos;shopping cart&apos;)]}]
Capabilities {acceptInsecureCerts: false, browserName: chrome, browserVersion: 108.0.5359.99, chrome: {chromedriverVersion: 108.0.5359.71 (1e0e3868ee06..., userDataDir: C:\Users\VIDHIP~1\AppData\L...}, goog:chromeOptions: {debuggerAddress: localhost:52533}, networkConnectionEnabled: false, pageLoadStrategy: normal, platformName: WINDOWS, proxy: Proxy(), se:cdp: ws://localhost:52533/devtoo..., se:cdpVersion: 108.0.5359.99, setWindowRect: true, strictFileInteractability: false, timeouts: {implicit: 0, pageLoad: 300000, script: 30000}, unhandledPromptBehavior: dismiss and notify, webauthn:extension:credBlob: true, webauthn:extension:largeBlob: true, webauthn:virtualAuthenticators: true}
Session ID: 17a0af6f746608747e5fb86c2cb4ce1a
	at sun.reflect.NativeConstructorAccessorImpl.newInstance0(Native Method)
	at sun.reflect.NativeConstructorAccessorImpl.newInstance(NativeConstructorAccessorImpl.java:62)
	at sun.reflect.DelegatingConstructorAccessorImpl.newInstance(DelegatingConstructorAccessorImpl.java:45)
	at java.lang.reflect.Constructor.newInstance(Constructor.java:423)
	at org.openqa.selenium.remote.codec.w3c.W3CHttpResponseCodec.createException(W3CHttpResponseCodec.java:200)
	at org.openqa.selenium.remote.codec.w3c.W3CHttpResponseCodec.decode(W3CHttpResponseCodec.java:133)
	at org.openqa.selenium.remote.codec.w3c.W3CHttpResponseCodec.decode(W3CHttpResponseCodec.java:53)
	at org.openqa.selenium.remote.HttpCommandExecutor.execute(HttpCommandExecutor.java:184)
	at org.openqa.selenium.remote.service.DriverCommandExecutor.invokeExecute(DriverCommandExecutor.java:167)
	at org.openqa.selenium.remote.service.DriverCommandExecutor.execute(DriverCommandExecutor.java:142)
	at org.openqa.selenium.remote.RemoteWebDriver.execute(RemoteWebDriver.java:541)
	at org.openqa.selenium.remote.ElementLocation$ElementFinder$2.findElement(ElementLocation.java:162)
	at org.openqa.selenium.remote.ElementLocation.findElement(ElementLocation.java:60)
	at org.openqa.selenium.remote.RemoteWebDriver.findElement(RemoteWebDriver.java:365)
	at org.openqa.selenium.remote.RemoteWebDriver.findElement(RemoteWebDriver.java:357)
	at org.openqa.selenium.support.pagefactory.DefaultElementLocator.findElement(DefaultElementLocator.java:70)
	at org.openqa.selenium.support.pagefactory.internal.LocatingElementHandler.invoke(LocatingElementHandler.java:39)
	at com.sun.proxy.$Proxy16.click(Unknown Source)
	at com.tutorialsninja.utility.Utility.clickOnElement(Utility.java:51)
	at com.tutorialsninja.pages.DesktopsPage1.clickOnShoppingCartLink(DesktopsPage1.java:147)
	at com.tutorialsninja.testsuite.DesktopsPageTest.verifyProductAddedToShoppingCartSuccessFully(DesktopsPageTest.java:46)
	at sun.reflect.NativeMethodAccessorImpl.invoke0(Native Method)
	at sun.reflect.NativeMethodAccessorImpl.invoke(NativeMethodAccessorImpl.java:62)
	at sun.reflect.DelegatingMethodAccessorImpl.invoke(DelegatingMethodAccessorImpl.java:43)
	at java.lang.reflect.Method.invoke(Method.java:498)
	at org.testng.internal.invokers.MethodInvocationHelper.invokeMethod(MethodInvocationHelper.java:135)
	at org.testng.internal.invokers.TestInvoker.invokeMethod(TestInvoker.java:673)
	at org.testng.internal.invokers.TestInvoker.invokeTestMethod(TestInvoker.java:220)
	at org.testng.internal.invokers.MethodRunner.runInSequence(MethodRunner.java:50)
	at org.testng.internal.invokers.TestInvoker$MethodInvocationAgent.invoke(TestInvoker.java:945)
	at org.testng.internal.invokers.TestInvoker.invokeTestMethods(TestInvoker.java:193)
	at org.testng.internal.invokers.TestMethodWorker.invokeTestMethods(TestMethodWorker.java:146)
	at org.testng.internal.invokers.TestMethodWorker.run(TestMethodWorker.java:128)
	at java.util.ArrayList.forEach(ArrayList.java:1249)
	at org.testng.TestRunner.privateRun(TestRunner.java:808)
	at org.testng.TestRunner.run(TestRunner.java:603)
	at org.testng.SuiteRunner.runTest(SuiteRunner.java:429)
	at org.testng.SuiteRunner.runSequentially(SuiteRunner.java:423)
	at org.testng.SuiteRunner.privateRun(SuiteRunner.java:383)
	at org.testng.SuiteRunner.run(SuiteRunner.java:326)
	at org.testng.SuiteRunnerWorker.runSuite(SuiteRunnerWorker.java:52)
	at org.testng.SuiteRunnerWorker.run(SuiteRunnerWorker.java:95)
	at org.testng.TestNG.runSuitesSequentially(TestNG.java:1249)
	at org.testng.TestNG.runSuitesLocally(TestNG.java:1169)
	at org.testng.TestNG.runSuites(TestNG.java:1092)
	at org.testng.TestNG.run(TestNG.java:1060)
	at com.intellij.rt.testng.IDEARemoteTestNG.run(IDEARemoteTestNG.java:66)
	at com.intellij.rt.testng.RemoteTestNGStarter.main(RemoteTestNGStarter.java:109)
</pre></div></td>
<td>51</td>
<td>com.tutorialsninja.testsuite.DesktopsPageTest@305fd85d</td></tr>
</table><p>
<table width='100%' border='1' class='invocation-passed'>
<tr><td colspan='4' align='center'><b>PASSED TESTS</b></td></tr>
<tr><td><b>Test method</b></td>
<td width="30%"><b>Exception</b></td>
<td width="10%"><b>Time (seconds)</b></td>
<td><b>Instance</b></td>
</tr>
<tr>
<td title='com.tutorialsninja.testsuite.TopMenuPageTest.verifyUserShouldNavigateToLaptopsAndNotebooksPageSuccessfully()'><b>verifyUserShouldNavigateToLaptopsAndNotebooksPageSuccessfully</b><br>Test class: com.tutorialsninja.testsuite.TopMenuPageTest<br/>
<a href="#Output-22006205" onClick='toggleBox("Output-22006205", this, "Show output", "Hide output");'>Show output</a>

<a href="#Output-22006205" onClick="toggleAllBoxes();">Show all outputs</a>
<div class='log' id="Output-22006205">
Mousehover on laptop and notebook and click[[ChromeDriver: chrome on WINDOWS (d92b96aae37d41f4c0034f5825825c12)] -> link text: Laptops & Notebooks]<br/>
Select show all option and notebook<br/>
Verify text[[ChromeDriver: chrome on WINDOWS (d92b96aae37d41f4c0034f5825825c12)] -> xpath: //h2[contains(text(),'Laptops & Notebooks')]]<br/>
</div>
</td>
<td></td>
<td>0</td>
<td>com.tutorialsninja.testsuite.TopMenuPageTest@2c039ac6</td></tr>
<tr>
<td title='com.tutorialsninja.testsuite.MyAccountPageTest.verifyUserShouldNavigateToLoginPageSuccessfully()'><b>verifyUserShouldNavigateToLoginPageSuccessfully</b><br>Test class: com.tutorialsninja.testsuite.MyAccountPageTest<br/>
<a href="#Output-2041553769" onClick='toggleBox("Output-2041553769", this, "Show output", "Hide output");'>Show output</a>

<a href="#Output-2041553769" onClick="toggleAllBoxes();">Show all outputs</a>
<div class='log' id="Output-2041553769">
Click on my account[[ChromeDriver: chrome on WINDOWS (79118a6191c0dd29840b196ad02fb5cb)] -> xpath: //span[contains(text(),'My Account')]]<br/>
Verify returning text [[ChromeDriver: chrome on WINDOWS (79118a6191c0dd29840b196ad02fb5cb)] -> xpath: //h2[contains(text(),'Returning Customer')]]<br/>
</div>
</td>
<td></td>
<td>0</td>
<td>com.tutorialsninja.testsuite.MyAccountPageTest@3e57cd70</td></tr>
</table><p>
</body>
</html>